zipchat-clone/build/outputs/logs/manifest-merger-debug-report.txt
-- Merging decision tree log ---
manifest
ADDED from src\main\AndroidManifest.xml:2:1-178:12
INJECTED from src\main\AndroidManifest.xml:2:1-178:12
INJECTED from src\main\AndroidManifest.xml:2:1-178:12
INJECTED from src\main\AndroidManifest.xml:2:1-178:12
INJECTED from src\main\AndroidManifest.xml:2:1-178:12
INJECTED from src\main\AndroidManifest.xml:2:1-178:12
INJECTED from src\main\AndroidManifest.xml:2:1-178:12
	package
		ADDED from src\main\AndroidManifest.xml:4:5-37
		INJECTED from src\main\AndroidManifest.xml
		INJECTED from src\main\AndroidManifest.xml
	android:versionName
		INJECTED from src\main\AndroidManifest.xml
		ADDED from src\main\AndroidManifest.xml:2:1-178:12
		INJECTED from src\main\AndroidManifest.xml
	xmlns:tools
		ADDED from src\main\AndroidManifest.xml:3:5-51
	android:versionCode
		INJECTED from src\main\AndroidManifest.xml
		ADDED from src\main\AndroidManifest.xml:2:1-178:12
		INJECTED from src\main\AndroidManifest.xml
	xmlns:android
		ADDED from src\main\AndroidManifest.xml:2:11-69
uses-permission#android.permission.ACCESS_NETWORK_STATE
ADDED from src\main\AndroidManifest.xml:6:5-79
	android:name
		ADDED from src\main\AndroidManifest.xml:6:22-76
uses-permission#android.permission.INTERNET
ADDED from src\main\AndroidManifest.xml:7:5-67
	android:name
		ADDED from src\main\AndroidManifest.xml:7:22-64
uses-permission#android.permission.CAMERA
ADDED from src\main\AndroidManifest.xml:8:5-65
	android:name
		ADDED from src\main\AndroidManifest.xml:8:22-62
uses-permission#android.permission.READ_EXTERNAL_STORAGE
ADDED from src\main\AndroidManifest.xml:9:5-80
	android:name
		ADDED from src\main\AndroidManifest.xml:9:22-77
uses-permission#android.permission.WRITE_EXTERNAL_STORAGE
ADDED from src\main\AndroidManifest.xml:10:5-81
	android:name
		ADDED from src\main\AndroidManifest.xml:10:22-78
uses-permission#android.permission.READ_CONTACTS
ADDED from src\main\AndroidManifest.xml:11:5-72
	android:name
		ADDED from src\main\AndroidManifest.xml:11:22-69
uses-permission#android.permission.DOWNLOAD_WITHOUT_NOTIFICATION
ADDED from src\main\AndroidManifest.xml:12:5-88
	android:name
		ADDED from src\main\AndroidManifest.xml:12:22-85
uses-permission#android.permission.WRITE_CALENDAR
ADDED from src\main\AndroidManifest.xml:13:5-73
	android:name
		ADDED from src\main\AndroidManifest.xml:13:22-70
uses-permission#android.permission.RECORD_AUDIO
ADDED from src\main\AndroidManifest.xml:14:5-71
	android:name
		ADDED from src\main\AndroidManifest.xml:14:22-68
uses-permission#android.permission.MODIFY_AUDIO_SETTINGS
ADDED from src\main\AndroidManifest.xml:15:5-80
	android:name
		ADDED from src\main\AndroidManifest.xml:15:22-77
uses-permission#android.permission.READ_PHONE_STATE
ADDED from src\main\AndroidManifest.xml:16:5-75
	android:name
		ADDED from src\main\AndroidManifest.xml:16:22-72
uses-permission#android.permission.WAKE_LOCK
ADDED from src\main\AndroidManifest.xml:17:5-68
	android:name
		ADDED from src\main\AndroidManifest.xml:17:22-65
uses-permission#android.permission.ACCESS_COARSE_LOCATION
ADDED from src\main\AndroidManifest.xml:18:5-81
	android:name
		ADDED from src\main\AndroidManifest.xml:18:22-78
uses-permission#android.permission.ACCESS_FINE_LOCATION
ADDED from src\main\AndroidManifest.xml:19:5-79
	android:name
		ADDED from src\main\AndroidManifest.xml:19:22-76
uses-sdk
ADDED from src\main\AndroidManifest.xml:21:5-23:41
INJECTED from src\main\AndroidManifest.xml:21:5-23:41
INJECTED from src\main\AndroidManifest.xml:21:5-23:41
INJECTED from src\main\AndroidManifest.xml:21:5-23:41
INJECTED from src\main\AndroidManifest.xml:21:5-23:41
	android:targetSdkVersion
		ADDED from src\main\AndroidManifest.xml:23:9-38
		INJECTED from src\main\AndroidManifest.xml
		INJECTED from src\main\AndroidManifest.xml
	android:minSdkVersion
		ADDED from src\main\AndroidManifest.xml:22:9-35
		INJECTED from src\main\AndroidManifest.xml
		INJECTED from src\main\AndroidManifest.xml
application
ADDED from src\main\AndroidManifest.xml:25:5-176:19
	android:supportsRtl
		ADDED from src\main\AndroidManifest.xml:30:9-35
	android:label
		ADDED from src\main\AndroidManifest.xml:28:9-41
	tools:ignore
		ADDED from src\main\AndroidManifest.xml:32:9-48
	tools:targetApi
		ADDED from src\main\AndroidManifest.xml:34:9-28
	android:allowBackup
		ADDED from src\main\AndroidManifest.xml:27:9-36
	android:theme
		ADDED from src\main\AndroidManifest.xml:31:9-48
	android:networkSecurityConfig
		ADDED from src\main\AndroidManifest.xml:29:9-69
	tools:replace
		ADDED from src\main\AndroidManifest.xml:33:9-44
	android:name
		ADDED from src\main\AndroidManifest.xml:26:9-35
activity#com.chat.zipchat.clone.Activity.ForwardActivity
ADDED from src\main\AndroidManifest.xml:36:9-71
	android:name
		ADDED from src\main\AndroidManifest.xml:36:19-59
activity#com.chat.zipchat.clone.Activity.Group.MessageInfoActivity
ADDED from src\main\AndroidManifest.xml:37:9-72
	android:name
		ADDED from src\main\AndroidManifest.xml:37:19-69
meta-data#com.google.android.geo.API_KEY
ADDED from src\main\AndroidManifest.xml:39:9-41:71
	android:value
		ADDED from src\main\AndroidManifest.xml:41:13-68
	android:name
		ADDED from src\main\AndroidManifest.xml:40:13-58
meta-data#com.google.android.gms.version
ADDED from src\main\AndroidManifest.xml:42:9-44:69
	android:value
		ADDED from src\main\AndroidManifest.xml:44:13-66
	android:name
		ADDED from src\main\AndroidManifest.xml:43:13-58
activity#com.chat.zipchat.clone.Activity.SplashActivity
ADDED from src\main\AndroidManifest.xml:46:9-54:20
	android:screenOrientation
		ADDED from src\main\AndroidManifest.xml:48:13-49
	android:name
		ADDED from src\main\AndroidManifest.xml:47:13-52
intent-filter#action:name:android.intent.action.MAIN+category:name:android.intent.category.LAUNCHER
ADDED from src\main\AndroidManifest.xml:49:13-53:29
action#android.intent.action.MAIN
ADDED from src\main\AndroidManifest.xml:50:17-69
	android:name
		ADDED from src\main\AndroidManifest.xml:50:25-66
category#android.intent.category.LAUNCHER
ADDED from src\main\AndroidManifest.xml:52:17-77
	android:name
		ADDED from src\main\AndroidManifest.xml:52:27-74
service#com.chat.zipchat.clone.Common.OnClearFromRecentService
ADDED from src\main\AndroidManifest.xml:56:9-58:44
	android:stopWithTask
		ADDED from src\main\AndroidManifest.xml:58:13-41
	android:name
		ADDED from src\main\AndroidManifest.xml:57:13-60
service#com.chat.zipchat.clone.Fcm.MyMessagingService
ADDED from src\main\AndroidManifest.xml:59:9-63:19
	android:name
		ADDED from src\main\AndroidManifest.xml:59:18-56
intent-filter#action:name:com.google.firebase.MESSAGING_EVENT
ADDED from src\main\AndroidManifest.xml:60:13-62:29
action#com.google.firebase.MESSAGING_EVENT
ADDED from src\main\AndroidManifest.xml:61:17-78
	android:name
		ADDED from src\main\AndroidManifest.xml:61:25-75
receiver#com.chat.zipchat.clone.Common.MyBroadCastReceiver
ADDED from src\main\AndroidManifest.xml:65:9-74:20
	android:enabled
		ADDED from src\main\AndroidManifest.xml:67:13-35
	android:exported
		ADDED from src\main\AndroidManifest.xml:68:13-36
	android:name
		ADDED from src\main\AndroidManifest.xml:66:13-55
intent-filter#action:name:android.intent.action.PHONE_STATE+action:name:android.net.conn.CONNECTIVITY_CHANGE+action:name:android.provider.Telephony.SMS_RECEIVED
ADDED from src\main\AndroidManifest.xml:69:13-73:29
action#android.provider.Telephony.SMS_RECEIVED
ADDED from src\main\AndroidManifest.xml:70:17-82
	android:name
		ADDED from src\main\AndroidManifest.xml:70:25-79
action#android.net.conn.CONNECTIVITY_CHANGE
ADDED from src\main\AndroidManifest.xml:71:17-79
	android:name
		ADDED from src\main\AndroidManifest.xml:71:25-76
action#android.intent.action.PHONE_STATE
ADDED from src\main\AndroidManifest.xml:72:17-76
	android:name
		ADDED from src\main\AndroidManifest.xml:72:25-73
activity#com.journeyapps.barcodescanner.CaptureActivity
ADDED from src\main\AndroidManifest.xml:76:9-79:49
	android:screenOrientation
		ADDED from src\main\AndroidManifest.xml:78:13-49
	tools:replace
		ADDED from src\main\AndroidManifest.xml:79:13-46
	android:name
		ADDED from src\main\AndroidManifest.xml:77:13-74
activity#com.theartofdev.edmodo.cropper.CropImageActivity
ADDED from src\main\AndroidManifest.xml:80:9-83:59
	android:screenOrientation
		ADDED from src\main\AndroidManifest.xml:82:13-49
	android:theme
		ADDED from src\main\AndroidManifest.xml:83:13-56
	android:name
		ADDED from src\main\AndroidManifest.xml:81:13-76
activity#com.chat.zipchat.clone.Activity.SigninActivity
ADDED from src\main\AndroidManifest.xml:84:9-86:52
	android:screenOrientation
		ADDED from src\main\AndroidManifest.xml:86:13-49
	android:name
		ADDED from src\main\AndroidManifest.xml:85:13-52
activity#com.chat.zipchat.clone.Activity.OtpActivity
ADDED from src\main\AndroidManifest.xml:87:9-89:52
	android:screenOrientation
		ADDED from src\main\AndroidManifest.xml:89:13-49
	android:name
		ADDED from src\main\AndroidManifest.xml:88:13-49
activity#com.chat.zipchat.clone.Activity.VerifyActivity
ADDED from src\main\AndroidManifest.xml:90:9-92:52
	android:screenOrientation
		ADDED from src\main\AndroidManifest.xml:92:13-49
	android:name
		ADDED from src\main\AndroidManifest.xml:91:13-52
activity#com.chat.zipchat.clone.Activity.ProfileActivity
ADDED from src\main\AndroidManifest.xml:93:9-95:52
	android:screenOrientation
		ADDED from src\main\AndroidManifest.xml:95:13-49
	android:name
		ADDED from src\main\AndroidManifest.xml:94:13-53
activity#com.chat.zipchat.clone.Activity.ChatActivity
ADDED from src\main\AndroidManifest.xml:96:9-98:52
	android:screenOrientation
		ADDED from src\main\AndroidManifest.xml:98:13-49
	android:name
		ADDED from src\main\AndroidManifest.xml:97:13-50
activity#com.chat.zipchat.clone.Activity.MainActivity
ADDED from src\main\AndroidManifest.xml:99:9-101:52
	android:screenOrientation
		ADDED from src\main\AndroidManifest.xml:101:13-49
	android:name
		ADDED from src\main\AndroidManifest.xml:100:13-50
activity#com.chat.zipchat.clone.Activity.UserProfileActivity
ADDED from src\main\AndroidManifest.xml:102:9-104:52
	android:screenOrientation
		ADDED from src\main\AndroidManifest.xml:104:13-49
	android:name
		ADDED from src\main\AndroidManifest.xml:103:13-57
activity#com.chat.zipchat.clone.Activity.ZoomActivity
ADDED from src\main\AndroidManifest.xml:105:9-107:52
	android:screenOrientation
		ADDED from src\main\AndroidManifest.xml:107:13-49
	android:name
		ADDED from src\main\AndroidManifest.xml:106:13-50
activity#com.chat.zipchat.clone.Activity.ExoPlayerActivity
ADDED from src\main\AndroidManifest.xml:108:9-110:52
	android:screenOrientation
		ADDED from src\main\AndroidManifest.xml:110:13-49
	android:name
		ADDED from src\main\AndroidManifest.xml:109:13-55
activity#com.chat.zipchat.clone.Activity.WebActivity
ADDED from src\main\AndroidManifest.xml:111:9-113:52
	android:screenOrientation
		ADDED from src\main\AndroidManifest.xml:113:13-49
	android:name
		ADDED from src\main\AndroidManifest.xml:112:13-49
activity#com.chat.zipchat.clone.Activity.VideoActivity
ADDED from src\main\AndroidManifest.xml:114:9-116:52
	android:screenOrientation
		ADDED from src\main\AndroidManifest.xml:116:13-49
	android:name
		ADDED from src\main\AndroidManifest.xml:115:13-51
activity#com.chat.zipchat.clone.Activity.MediaActivity
ADDED from src\main\AndroidManifest.xml:117:9-119:52
	android:screenOrientation
		ADDED from src\main\AndroidManifest.xml:119:13-49
	android:name
		ADDED from src\main\AndroidManifest.xml:118:13-51
activity#com.chat.zipchat.clone.Activity.Payments.SendMoneyActivity
ADDED from src\main\AndroidManifest.xml:120:9-122:52
	android:screenOrientation
		ADDED from src\main\AndroidManifest.xml:122:13-49
	android:name
		ADDED from src\main\AndroidManifest.xml:121:13-64
activity#com.chat.zipchat.clone.Activity.Payments.ReceiveMoneyActivity
ADDED from src\main\AndroidManifest.xml:123:9-125:52
	android:screenOrientation
		ADDED from src\main\AndroidManifest.xml:125:13-49
	android:name
		ADDED from src\main\AndroidManifest.xml:124:13-67
activity#com.chat.zipchat.clone.Activity.Payments.WithdrawMoneyActivity
ADDED from src\main\AndroidManifest.xml:126:9-129:57
	android:screenOrientation
		ADDED from src\main\AndroidManifest.xml:128:13-49
	android:windowSoftInputMode
		ADDED from src\main\AndroidManifest.xml:129:13-54
	android:name
		ADDED from src\main\AndroidManifest.xml:127:13-68
activity#com.chat.zipchat.clone.Activity.Payments.AddMoneyActivity
ADDED from src\main\AndroidManifest.xml:130:9-133:57
	android:screenOrientation
		ADDED from src\main\AndroidManifest.xml:132:13-49
	android:windowSoftInputMode
		ADDED from src\main\AndroidManifest.xml:133:13-54
	android:name
		ADDED from src\main\AndroidManifest.xml:131:13-63
activity#com.chat.zipchat.clone.Activity.Payments.TransHistoryActivity
ADDED from src\main\AndroidManifest.xml:134:9-136:52
	android:screenOrientation
		ADDED from src\main\AndroidManifest.xml:136:13-49
	android:name
		ADDED from src\main\AndroidManifest.xml:135:13-67
activity#com.chat.zipchat.clone.Activity.Payments.SendXLMActivity
ADDED from src\main\AndroidManifest.xml:137:9-139:52
	android:screenOrientation
		ADDED from src\main\AndroidManifest.xml:139:13-49
	android:name
		ADDED from src\main\AndroidManifest.xml:138:13-62
activity#com.chat.zipchat.clone.Activity.VideoCallActivity
ADDED from src\main\AndroidManifest.xml:140:9-142:52
	android:screenOrientation
		ADDED from src\main\AndroidManifest.xml:142:13-49
	android:name
		ADDED from src\main\AndroidManifest.xml:141:13-55
activity#com.chat.zipchat.clone.Activity.VideoIncomingCallActivity
ADDED from src\main\AndroidManifest.xml:143:9-145:52
	android:screenOrientation
		ADDED from src\main\AndroidManifest.xml:145:13-49
	android:name
		ADDED from src\main\AndroidManifest.xml:144:13-63
activity#com.chat.zipchat.clone.Activity.AudioIncomingCallActivity
ADDED from src\main\AndroidManifest.xml:146:9-148:52
	android:screenOrientation
		ADDED from src\main\AndroidManifest.xml:148:13-49
	android:name
		ADDED from src\main\AndroidManifest.xml:147:13-63
activity#com.chat.zipchat.clone.Activity.AudioCallActivity
ADDED from src\main\AndroidManifest.xml:149:9-151:52
	android:screenOrientation
		ADDED from src\main\AndroidManifest.xml:151:13-49
	android:name
		ADDED from src\main\AndroidManifest.xml:150:13-55
activity#com.chat.zipchat.clone.Activity.ShareLocationActivity
ADDED from src\main\AndroidManifest.xml:152:9-154:52
	android:screenOrientation
		ADDED from src\main\AndroidManifest.xml:154:13-49
	android:name
		ADDED from src\main\AndroidManifest.xml:153:13-59
meta-data#io.fabric.ApiKey
ADDED from src\main\AndroidManifest.xml:156:9-158:72
	android:value
		ADDED from src\main\AndroidManifest.xml:158:13-69
	android:name
		ADDED from src\main\AndroidManifest.xml:157:13-44
activity#com.chat.zipchat.clone.Activity.PhotoEdit.PhotoEditActivity
ADDED from src\main\AndroidManifest.xml:160:9-162:52
	android:screenOrientation
		ADDED from src\main\AndroidManifest.xml:162:13-49
	android:name
		ADDED from src\main\AndroidManifest.xml:161:13-65
activity#com.chat.zipchat.clone.Activity.Group.SelectGroupMemberActivity
ADDED from src\main\AndroidManifest.xml:163:9-166:57
	android:screenOrientation
		ADDED from src\main\AndroidManifest.xml:165:13-49
	android:windowSoftInputMode
		ADDED from src\main\AndroidManifest.xml:166:13-54
	android:name
		ADDED from src\main\AndroidManifest.xml:164:13-69
activity#com.chat.zipchat.clone.Activity.Group.CreateGroupActivity
ADDED from src\main\AndroidManifest.xml:167:9-169:52
	android:screenOrientation
		ADDED from src\main\AndroidManifest.xml:169:13-49
	android:name
		ADDED from src\main\AndroidManifest.xml:168:13-63
activity#com.chat.zipchat.clone.Activity.Group.GroupChatActivity
ADDED from src\main\AndroidManifest.xml:170:9-172:52
	android:screenOrientation
		ADDED from src\main\AndroidManifest.xml:172:13-49
	android:name
		ADDED from src\main\AndroidManifest.xml:171:13-61
activity#com.chat.zipchat.clone.Activity.Group.GroupInfoActivity
ADDED from src\main\AndroidManifest.xml:173:9-175:52
	android:screenOrientation
		ADDED from src\main\AndroidManifest.xml:175:13-49
	android:name
		ADDED from src\main\AndroidManifest.xml:174:13-61